
=== SVR - 2025-08-08 13:13:58 ===
Training Time: 7.34 sec
Train Metrics:
  MAE: 74783.56
  RMSE: 187963.74
  R²: 0.058056
  Adjusted R²: 0.056699
  MAPE: 66.14 %
Test Metrics:
  MAE: 76964.38
  RMSE: 186248.97
  R²: 0.063297
  Adjusted R²: 0.057877
  MAPE: 63.19 %
===============================================

=== SVR - 2025-08-08 18:59:08 ===
Training Time: 7.17 sec
Train Metrics:
  MAE: 74783.56
  RMSE: 187963.74
  R²: 0.058056
  Adjusted R²: 0.056699
  MAPE: 66.14 %
Test Metrics:
  MAE: 76964.38
  RMSE: 186248.97
  R²: 0.063297
  Adjusted R²: 0.057877
  MAPE: 63.19 %
===============================================
